2019-03-01 10:48:19,475 INFO     Register Packet Received
2019-03-01 10:48:19,476 INFO     No match, user not registered
2019-03-01 10:48:19,476 INFO     Adding the user to the db
2019-03-01 10:48:19,477 DEBUG    RECV: REGISTER	asmith	password	aa:aa:aa:aa:aa:aa	127.0.0.1	1994
2019-03-01 10:48:19,478 DEBUG    SEND: ACK	00	asmith	2019-03-01:10:48:19	65bc2ca2ded8bae852e27ffe0412beaf5f180f37ef6c9624dfdc3579957cc036
2019-03-01 10:48:19,478 INFO     Register Packet Received
2019-03-01 10:48:19,478 INFO     No match, user not registered
2019-03-01 10:48:19,479 INFO     Adding the user to the db
2019-03-01 10:48:19,480 DEBUG    RECV: REGISTER	bsmith	password	bb:bb:bb:bb:bb:bb	127.0.0.2	1995
2019-03-01 10:48:19,480 DEBUG    SEND: ACK	00	bsmith	2019-03-01:10:48:19	d991099f60652ebc7a389a940408f640d432191af158f171af603fa4d8943436
2019-03-01 10:48:19,481 INFO     Register Packet Received
2019-03-01 10:48:19,482 INFO     No match, user not registered
2019-03-01 10:48:19,482 INFO     Adding the user to the db
2019-03-01 10:48:19,484 DEBUG    RECV: REGISTER	csmith	password	cc:cc:cc:cc:cc:cc	127.0.0.3	1996
2019-03-01 10:48:19,484 DEBUG    SEND: ACK	00	csmith	2019-03-01:10:48:19	2455baf3a77f2be74529c7613ea0139f81c3cd12a50c9c55aaee7d5d1dd69975
2019-03-01 10:48:19,484 INFO     Register Packet Received
2019-03-01 10:48:19,484 INFO     No match, user not registered
2019-03-01 10:48:19,485 INFO     Adding the user to the db
2019-03-01 10:48:19,486 DEBUG    RECV: REGISTER	dsmith	password	dd:dd:dd:dd:dd:dd	127.0.0.4	1997
2019-03-01 10:48:19,486 DEBUG    SEND: ACK	00	dsmith	2019-03-01:10:48:19	398cff2ed6c6322f021ea9dff10274bb984c5c10c741dc82e39beaff5f90b54c
2019-03-01 10:48:19,487 INFO     Register Packet Received
2019-03-01 10:48:19,488 INFO     IP reused
2019-03-01 10:48:19,488 DEBUG    RECV: REGISTER	esmith	password	ee:ee:ee:ee:ee:ee	127.0.0.3	1998
2019-03-01 10:48:19,489 DEBUG    SEND: ACK	12	esmith	2019-03-01:10:48:19	496bf5b0f6f8265099540b6b04bc6c6675c728524fa48e827bc276e44148ee36
2019-03-01 10:48:19,490 INFO     Register Packet Received
2019-03-01 10:48:19,491 INFO     MAC reused
2019-03-01 10:48:19,491 DEBUG    RECV: REGISTER	gsmith	password	aa:aa:aa:aa:aa:aa	127.0.0.7	2000
2019-03-01 10:48:19,491 DEBUG    SEND: ACK	13	gsmith	2019-03-01:10:48:19	35e487495815327b8c74bcfe3682b7b5ad0a420cf05cd417ed78cc46589faa62
2019-03-01 10:48:19,492 INFO     Register Packet Received
2019-03-01 10:48:19,494 INFO     No match, user not registered
2019-03-01 10:48:19,494 INFO     Adding the user to the db
2019-03-01 10:48:19,496 DEBUG    RECV: REGISTER	fsmith	password	ff:ff:ff:ff:ff:ff	127.0.0.6	1999
2019-03-01 10:48:19,496 DEBUG    SEND: ACK	00	fsmith	2019-03-01:10:48:19	1ed6b5638fe5a5540f6890c309fa351ae91dfadfe7baaa473db3327935f2fba2
2019-03-01 10:48:19,497 INFO     De-Register Packet Received
2019-03-01 10:48:19,498 INFO     Entry Found, Removing
2019-03-01 10:48:19,498 INFO     User is in the register, removing the user
2019-03-01 10:48:19,499 DEBUG    RECV: DEREGISTER	fsmith	password	ff:ff:ff:ff:ff:ff	127.0.0.6	1999
2019-03-01 10:48:19,499 DEBUG    SEND: ACK	20	fsmith	2019-03-01:10:48:19	eb66d1c2299ce175d02b8e7760c322c12d3b15123559a9c74a2bc3ac9d31676a
2019-03-01 10:48:19,500 INFO     De-Register Packet Received
2019-03-01 10:48:19,500 INFO     User registered to another ip or mac cannot remove
2019-03-01 10:48:19,500 INFO     Deregistration failed: 30
2019-03-01 10:48:19,500 DEBUG    RECV: DEREGISTER	dsmith	password	dd:dd:dd:dd:dd:dd	127.0.0.3	1997
2019-03-01 10:48:19,500 DEBUG    SEND: ACK	30	dsmith	2019-03-01:10:48:19	05174d0e45407b3559f97b4a3f6383fa54a2620b1d5996397d9a6982ca3a32bc
2019-03-01 10:48:19,501 INFO     De-Register Packet Received
2019-03-01 10:48:19,501 INFO     Mac or User not registered
2019-03-01 10:48:19,501 INFO     Deregistration failed: 21
2019-03-01 10:48:19,501 DEBUG    RECV: DEREGISTER	tsmith	password	vv:vv:vv:vv:vv:vv	127.0.1.4	1993
2019-03-01 10:48:19,502 DEBUG    SEND: ACK	21	tsmith	2019-03-01:10:48:19	a4afcf787749d9c94b94131742ca67f3640f0e8fca9121f215e350dc216b53ca
2019-03-01 10:49:11,213 INFO     Register Packet Received
2019-03-01 10:49:11,213 INFO     Register Found Exact
2019-03-01 10:49:11,213 DEBUG    RECV: REGISTER	asmith	password	aa:aa:aa:aa:aa:aa	127.0.0.1	1994
2019-03-01 10:49:11,213 DEBUG    SEND: ACK	01	asmith	2019-03-01:10:49:11	65bc2ca2ded8bae852e27ffe0412beaf5f180f37ef6c9624dfdc3579957cc036
2019-03-01 10:49:11,214 INFO     Register Packet Received
2019-03-01 10:49:11,214 INFO     Register Found Exact
2019-03-01 10:49:11,214 DEBUG    RECV: REGISTER	bsmith	password	bb:bb:bb:bb:bb:bb	127.0.0.2	1995
2019-03-01 10:49:11,215 DEBUG    SEND: ACK	01	bsmith	2019-03-01:10:49:11	d991099f60652ebc7a389a940408f640d432191af158f171af603fa4d8943436
2019-03-01 10:49:11,215 INFO     Register Packet Received
2019-03-01 10:49:11,216 INFO     Register Found Exact
2019-03-01 10:49:11,216 DEBUG    RECV: REGISTER	csmith	password	cc:cc:cc:cc:cc:cc	127.0.0.3	1996
2019-03-01 10:49:11,216 DEBUG    SEND: ACK	01	csmith	2019-03-01:10:49:11	2455baf3a77f2be74529c7613ea0139f81c3cd12a50c9c55aaee7d5d1dd69975
2019-03-01 10:49:11,217 INFO     Register Packet Received
2019-03-01 10:49:11,217 INFO     Register Found Exact
2019-03-01 10:49:11,217 DEBUG    RECV: REGISTER	dsmith	password	dd:dd:dd:dd:dd:dd	127.0.0.4	1997
2019-03-01 10:49:11,217 DEBUG    SEND: ACK	01	dsmith	2019-03-01:10:49:11	398cff2ed6c6322f021ea9dff10274bb984c5c10c741dc82e39beaff5f90b54c
2019-03-01 10:49:11,218 INFO     Register Packet Received
2019-03-01 10:49:11,218 INFO     IP reused
2019-03-01 10:49:11,219 DEBUG    RECV: REGISTER	esmith	password	ee:ee:ee:ee:ee:ee	127.0.0.3	1998
2019-03-01 10:49:11,219 DEBUG    SEND: ACK	12	esmith	2019-03-01:10:49:11	496bf5b0f6f8265099540b6b04bc6c6675c728524fa48e827bc276e44148ee36
2019-03-01 10:49:11,220 INFO     Register Packet Received
2019-03-01 10:49:11,220 INFO     MAC reused
2019-03-01 10:49:11,221 DEBUG    RECV: REGISTER	gsmith	password	aa:aa:aa:aa:aa:aa	127.0.0.7	2000
2019-03-01 10:49:11,221 DEBUG    SEND: ACK	13	gsmith	2019-03-01:10:49:11	35e487495815327b8c74bcfe3682b7b5ad0a420cf05cd417ed78cc46589faa62
2019-03-01 10:49:11,222 INFO     Register Packet Received
2019-03-01 10:49:11,222 INFO     No match, user not registered
2019-03-01 10:49:11,223 INFO     Adding the user to the db
2019-03-01 10:49:11,225 DEBUG    RECV: REGISTER	fsmith	password	ff:ff:ff:ff:ff:ff	127.0.0.6	1999
2019-03-01 10:49:11,226 DEBUG    SEND: ACK	00	fsmith	2019-03-01:10:49:11	1ed6b5638fe5a5540f6890c309fa351ae91dfadfe7baaa473db3327935f2fba2
2019-03-01 10:49:11,226 INFO     De-Register Packet Received
2019-03-01 10:49:11,227 INFO     Entry Found, Removing
2019-03-01 10:49:11,227 INFO     User is in the register, removing the user
2019-03-01 10:49:11,228 DEBUG    RECV: DEREGISTER	fsmith	password	ff:ff:ff:ff:ff:ff	127.0.0.6	1999
2019-03-01 10:49:11,228 DEBUG    SEND: ACK	20	fsmith	2019-03-01:10:49:11	eb66d1c2299ce175d02b8e7760c322c12d3b15123559a9c74a2bc3ac9d31676a
2019-03-01 10:49:11,228 INFO     De-Register Packet Received
2019-03-01 10:49:11,229 INFO     User registered to another ip or mac cannot remove
2019-03-01 10:49:11,229 INFO     Deregistration failed: 30
2019-03-01 10:49:11,229 DEBUG    RECV: DEREGISTER	dsmith	password	dd:dd:dd:dd:dd:dd	127.0.0.3	1997
2019-03-01 10:49:11,229 DEBUG    SEND: ACK	30	dsmith	2019-03-01:10:49:11	05174d0e45407b3559f97b4a3f6383fa54a2620b1d5996397d9a6982ca3a32bc
2019-03-01 10:49:11,229 INFO     De-Register Packet Received
2019-03-01 10:49:11,229 INFO     Mac or User not registered
2019-03-01 10:49:11,230 INFO     Deregistration failed: 21
2019-03-01 10:49:11,230 DEBUG    RECV: DEREGISTER	tsmith	password	vv:vv:vv:vv:vv:vv	127.0.1.4	1993
2019-03-01 10:49:11,230 DEBUG    SEND: ACK	21	tsmith	2019-03-01:10:49:11	a4afcf787749d9c94b94131742ca67f3640f0e8fca9121f215e350dc216b53ca
2019-03-01 10:49:24,224 INFO     Login Packet Received
2019-03-01 10:49:24,225 INFO     Found Credentials for user
2019-03-01 10:49:24,226 INFO     Setting User to active
2019-03-01 10:49:24,226 DEBUG    RECV: LOGIN	asmith	password	127.0.0.1	1994
2019-03-01 10:49:24,226 DEBUG    SEND: ACK	70	asmith	2019-03-01:10:49:24	e3b0c44298fc1c149afbf4c8996fb92427ae41e4649b934ca495991b7852b855
2019-03-01 10:49:24,227 INFO     Login Packet Received
2019-03-01 10:49:24,227 INFO     Found Credentials for user
2019-03-01 10:49:24,228 INFO     Setting User to active
2019-03-01 10:49:24,229 DEBUG    RECV: LOGIN	bsmith	password	127.0.0.2	1995
2019-03-01 10:49:24,229 DEBUG    SEND: ACK	70	bsmith	2019-03-01:10:49:24	e3b0c44298fc1c149afbf4c8996fb92427ae41e4649b934ca495991b7852b855
2019-03-01 10:49:24,229 INFO     Logoff Packet Received
2019-03-01 10:49:24,229 WARNING  Could not Login user
2019-03-01 10:49:24,230 INFO     Setting User to inactive
2019-03-01 10:49:24,231 DEBUG    RECV: LOGOFF	bsmith
2019-03-01 10:49:24,231 DEBUG    SEND: ACK	80	bsmith	2019-03-01:10:49:24	e3b0c44298fc1c149afbf4c8996fb92427ae41e4649b934ca495991b7852b855
%(asctime)s %(levelname)-8s %(message)s
%(asctime)s %(levelname)-8s %(message)s
%(asctime)s %(levelname)-8s %(message)s
%(asctime)s %(levelname)-8s %(message)s
%(asctime)s %(levelname)-8s %(message)s
%(asctime)s %(levelname)-8s %(message)s
%(asctime)s %(levelname)-8s %(message)s
%(asctime)s %(levelname)-8s %(message)s
%(asctime)s %(levelname)-8s %(message)s
%(asctime)s %(levelname)-8s %(message)s
%(asctime)s %(levelname)-8s %(message)s
%(asctime)s %(levelname)-8s %(message)s
%(asctime)s %(levelname)-8s %(message)s
%(asctime)s %(levelname)-8s %(message)s
%(asctime)s %(levelname)-8s %(message)s
%(asctime)s %(levelname)-8s %(message)s
%(asctime)s %(levelname)-8s %(message)s
%(asctime)s %(levelname)-8s %(message)s
%(asctime)s %(levelname)-8s %(message)s
%(asctime)s %(levelname)-8s %(message)s
%(asctime)s %(levelname)-8s %(message)s
%(asctime)s %(levelname)-8s %(message)s
%(asctime)s %(levelname)-8s %(message)s
%(asctime)s %(levelname)-8s %(message)s
%(asctime)s %(levelname)-8s %(message)s
%(asctime)s %(levelname)-8s %(message)s
%(asctime)s %(levelname)-8s %(message)s
%(asctime)s %(levelname)-8s %(message)s
%(asctime)s %(levelname)-8s %(message)s
%(asctime)s %(levelname)-8s %(message)s
%(asctime)s %(levelname)-8s %(message)s
%(asctime)s %(levelname)-8s %(message)s
%(asctime)s %(levelname)-8s %(message)s
%(asctime)s %(levelname)-8s %(message)s
%(asctime)s %(levelname)-8s %(message)s
%(asctime)s %(levelname)-8s %(message)s
%(asctime)s %(levelname)-8s %(message)s
%(asctime)s %(levelname)-8s %(message)s
%(asctime)s %(levelname)-8s %(message)s
%(asctime)s %(levelname)-8s %(message)s
%(asctime)s %(levelname)-8s %(message)s
%(asctime)s %(levelname)-8s %(message)s
%(asctime)s %(levelname)-8s %(message)s
%(asctime)s %(levelname)-8s %(message)s
%(asctime)s %(levelname)-8s %(message)s
%(asctime)s %(levelname)-8s %(message)s
%(asctime)s %(levelname)-8s %(message)s
%(asctime)s %(levelname)-8s %(message)s
%(asctime)s %(levelname)-8s %(message)s
%(asctime)s %(levelname)-8s %(message)s
%(asctime)s %(levelname)-8s %(message)s
%(asctime)s %(levelname)-8s %(message)s
%(asctime)s %(levelname)-8s %(message)s
%(asctime)s %(levelname)-8s %(message)s
%(asctime)s %(levelname)-8s %(message)s
%(asctime)s %(levelname)-8s %(message)s
%(asctime)s %(levelname)-8s %(message)s
%(asctime)s %(levelname)-8s %(message)s
%(asctime)s %(levelname)-8s %(message)s
%(asctime)s %(levelname)-8s %(message)s
%(asctime)s %(levelname)-8s %(message)s
%(asctime)s %(levelname)-8s %(message)s
%(asctime)s %(levelname)-8s %(message)s
%(asctime)s %(levelname)-8s %(message)s
%(asctime)s %(levelname)-8s %(message)s
%(asctime)s %(levelname)-8s %(message)s
%(asctime)s %(levelname)-8s %(message)s
%(asctime)s %(levelname)-8s %(message)s
%(asctime)s %(levelname)-8s %(message)s
%(asctime)s %(levelname)-8s %(message)s
%(asctime)s %(levelname)-8s %(message)s
%(asctime)s %(levelname)-8s %(message)s
%(asctime)s %(levelname)-8s %(message)s
%(asctime)s %(levelname)-8s %(message)s
%(asctime)s %(levelname)-8s %(message)s
